[22:21:04] [main/INFO] (FabricLoader/GameProvider) Loading Minecraft 1.21.1 with Fabric Loader 0.16.9
[22:21:04] [main/INFO] (FabricLoader) Loading 55 mods:
	- civiliansmod 1.0.0
	- fabric-api 0.110.0+1.21.1
	- fabric-api-base 0.4.42+6573ed8c19
	- fabric-api-lookup-api-v1 1.6.70+b559734419
	- fabric-biome-api-v1 13.0.30+be1ed2d719
	- fabric-block-api-v1 1.0.22+0af3f5a719
	- fabric-block-view-api-v2 1.0.10+6573ed8c19
	- fabric-blockrenderlayer-v1 1.1.52+0af3f5a719
	- fabric-client-tags-api-v1 1.1.15+6573ed8c19
	- fabric-command-api-v1 1.2.49+f71b366f19
	- fabric-command-api-v2 2.2.28+6ced4dd919
	- fabric-commands-v0 0.2.66+df3654b319
	- fabric-content-registries-v0 8.0.18+b559734419
	- fabric-convention-tags-v1 2.1.2+7f945d5b19
	- fabric-convention-tags-v2 2.9.2+e60e56d419
	- fabric-crash-report-info-v1 0.2.29+0af3f5a719
	- fabric-data-attachment-api-v1 1.4.0+da19b51a19
	- fabric-data-generation-api-v1 20.2.24+16c4ae2519
	- fabric-dimensions-v1 4.0.0+6fc22b9919
	- fabric-entity-events-v1 1.7.0+2122d82819
	- fabric-events-interaction-v0 0.7.13+ba9dae0619
	- fabric-game-rule-api-v1 1.0.53+6ced4dd919
	- fabric-gametest-api-v1 2.0.5+6fc22b9919
	- fabric-item-api-v1 11.1.1+d5debaed19
	- fabric-item-group-api-v1 4.1.6+6823f7cd19
	- fabric-key-binding-api-v1 1.0.47+0af3f5a719
	- fabric-keybindings-v0 0.2.45+df3654b319
	- fabric-lifecycle-events-v1 2.5.0+01d9a51c19
	- fabric-loot-api-v2 3.0.15+3f89f5a519
	- fabric-loot-api-v3 1.0.3+3f89f5a519
	- fabric-message-api-v1 6.0.13+6573ed8c19
	- fabric-model-loading-api-v1 2.0.0+fe474d6b19
	- fabric-networking-api-v1 4.3.0+c7469b2119
	- fabric-object-builder-api-v1 15.2.1+40875a9319
	- fabric-particles-v1 4.0.2+6573ed8c19
	- fabric-recipe-api-v1 5.0.13+6508971219
	- fabric-registry-sync-v0 5.2.0+34f5d91419
	- fabric-renderer-api-v1 3.4.0+c705a49c19
	- fabric-renderer-indigo 1.7.0+c705a49c19
	- fabric-renderer-registries-v1 3.2.68+df3654b319
	- fabric-rendering-data-attachment-v1 0.3.48+73761d2e19
	- fabric-rendering-fluids-v1 3.1.6+1daea21519
	- fabric-rendering-v0 1.1.71+df3654b319
	- fabric-rendering-v1 5.0.5+df16efd019
	- fabric-resource-conditions-api-v1 4.3.0+8dc279b119
	- fabric-resource-loader-v0 1.3.1+5b5275af19
	- fabric-screen-api-v1 2.0.25+8b68f1c719
	- fabric-screen-handler-api-v1 1.3.88+b559734419
	- fabric-sound-api-v1 1.0.23+6573ed8c19
	- fabric-transfer-api-v1 5.4.2+95bead5f19
	- fabric-transitive-access-wideners-v1 6.2.0+45b9699719
	- fabricloader 0.16.9
	- java 21
	- minecraft 1.21.1
	- mixinextras 0.4.1
[22:21:04] [main/INFO] (FabricLoader/Mixin) SpongePowered MIXIN Subsystem Version=0.8.7 Source=file:/C:/Users/14093/.gradle/caches/modules-2/files-2.1/net.fabricmc/sponge-mixin/0.15.4+mixin.0.8.7/6a12aacc794f1078458433116e9ed42c1cc98096/sponge-mixin-0.15.4+mixin.0.8.7.jar Service=Knot/Fabric Env=CLIENT
[22:21:04] [main/INFO] (FabricLoader/Mixin) Loaded Fabric development mappings for mixin remapper!
[22:21:04] [main/INFO] (FabricLoader/Mixin) Compatibility level set to JAVA_17
[22:21:04] [main/INFO] (FabricLoader/Mixin) Compatibility level set to JAVA_21
[22:21:05] [main/INFO] (FabricLoader/MixinExtras|Service) Initializing MixinExtras via com.llamalad7.mixinextras.service.MixinExtrasServiceImpl(version=0.4.1).
[22:21:06] [Datafixer Bootstrap/INFO] (Minecraft) 226 Datafixer optimizations took 307 milliseconds
[22:21:10] [Render thread/INFO] (Minecraft) Environment: Environment[sessionHost=https://sessionserver.mojang.com, servicesHost=https://api.minecraftservices.com, name=PROD]
[22:21:10] [Render thread/INFO] (Minecraft) Setting user: Player266
[22:21:10] [Render thread/INFO] (civiliansmod) [CiviliansMod] Registered Mod Items and Item Group!
[22:21:10] [Render thread/INFO] (Minecraft) [STDOUT]: [CiviliansMod] NPC Entity has been registered successfully!
[22:21:10] [Render thread/INFO] (civiliansmod) [CiviliansMod] Model layers registered!
[22:21:10] [Render thread/INFO] (Indigo) [Indigo] Registering Indigo renderer!
[22:21:11] [Render thread/INFO] (Minecraft) Backend library: LWJGL version 3.3.3-snapshot
[22:21:12] [Render thread/INFO] (Minecraft) Reloading ResourceManager: vanilla, fabric, civiliansmod, fabric-api, fabric-api-base, fabric-api-lookup-api-v1, fabric-biome-api-v1, fabric-block-api-v1, fabric-block-view-api-v2, fabric-blockrenderlayer-v1, fabric-client-tags-api-v1, fabric-command-api-v1, fabric-command-api-v2, fabric-commands-v0, fabric-content-registries-v0, fabric-convention-tags-v1, fabric-convention-tags-v2, fabric-crash-report-info-v1, fabric-data-attachment-api-v1, fabric-data-generation-api-v1, fabric-dimensions-v1, fabric-entity-events-v1, fabric-events-interaction-v0, fabric-game-rule-api-v1, fabric-gametest-api-v1, fabric-item-api-v1, fabric-item-group-api-v1, fabric-key-binding-api-v1, fabric-keybindings-v0, fabric-lifecycle-events-v1, fabric-loot-api-v2, fabric-loot-api-v3, fabric-message-api-v1, fabric-model-loading-api-v1, fabric-networking-api-v1, fabric-object-builder-api-v1, fabric-particles-v1, fabric-recipe-api-v1, fabric-registry-sync-v0, fabric-renderer-api-v1, fabric-renderer-indigo, fabric-renderer-registries-v1, fabric-rendering-data-attachment-v1, fabric-rendering-fluids-v1, fabric-rendering-v0, fabric-rendering-v1, fabric-resource-conditions-api-v1, fabric-resource-loader-v0, fabric-screen-api-v1, fabric-screen-handler-api-v1, fabric-sound-api-v1, fabric-transfer-api-v1, fabric-transitive-access-wideners-v1, fabricloader
[22:21:12] [Worker-Main-13/INFO] (Minecraft) Found unifont_all_no_pua-15.1.05.hex, loading
[22:21:12] [Worker-Main-2/INFO] (Minecraft) Found unifont_jp_patch-15.1.05.hex, loading
[22:21:13] [Render thread/WARN] (Minecraft) Missing sound for event: minecraft:item.goat_horn.play
[22:21:13] [Render thread/WARN] (Minecraft) Missing sound for event: minecraft:entity.goat.screaming.horn_break
[22:21:13] [Render thread/INFO] (Minecraft) OpenAL initialized on device OpenAL Soft on SteelSeries Sonar - Gaming (SteelSeries Sonar Virtual Audio Device)
[22:21:13] [Render thread/INFO] (Minecraft) Sound engine started
[22:21:13] [Render thread/INFO] (Minecraft) Created: 1024x512x4 minecraft:textures/atlas/blocks.png-atlas
[22:21:13] [Render thread/INFO] (Minecraft) Created: 256x256x4 minecraft:textures/atlas/signs.png-atlas
[22:21:13] [Render thread/INFO] (Minecraft) Created: 512x512x4 minecraft:textures/atlas/banner_patterns.png-atlas
[22:21:13] [Render thread/INFO] (Minecraft) Created: 512x512x4 minecraft:textures/atlas/shield_patterns.png-atlas
[22:21:13] [Render thread/INFO] (Minecraft) Created: 1024x1024x4 minecraft:textures/atlas/armor_trims.png-atlas
[22:21:13] [Render thread/INFO] (Minecraft) Created: 128x64x4 minecraft:textures/atlas/decorated_pot.png-atlas
[22:21:13] [Render thread/INFO] (Minecraft) Created: 256x256x4 minecraft:textures/atlas/chest.png-atlas
[22:21:13] [Render thread/INFO] (Minecraft) Created: 512x256x4 minecraft:textures/atlas/beds.png-atlas
[22:21:13] [Render thread/INFO] (Minecraft) Created: 512x256x4 minecraft:textures/atlas/shulker_boxes.png-atlas
[22:21:13] [Render thread/INFO] (Minecraft) Created: 512x256x0 minecraft:textures/atlas/particles.png-atlas
[22:21:13] [Render thread/INFO] (Minecraft) Created: 512x256x0 minecraft:textures/atlas/paintings.png-atlas
[22:21:13] [Render thread/INFO] (Minecraft) Created: 256x128x0 minecraft:textures/atlas/mob_effects.png-atlas
[22:21:13] [Render thread/INFO] (Minecraft) Created: 64x64x0 minecraft:textures/atlas/map_decorations.png-atlas
[22:21:13] [Render thread/INFO] (Minecraft) Created: 1024x512x0 minecraft:textures/atlas/gui.png-atlas
[22:21:13] [Render thread/WARN] (Minecraft) Shader rendertype_entity_translucent_emissive could not find sampler named Sampler2 in the specified shader program.
[22:21:26] [Render thread/INFO] (Minecraft) Loaded 1291 recipes
[22:21:26] [Render thread/INFO] (Minecraft) Loaded 1399 advancements
[22:21:27] [Render thread/INFO] (BiomeModificationImpl) Applied 0 biome modifications to 0 of 64 new biomes in 1.486 ms
[22:21:27] [Server thread/INFO] (Minecraft) Starting integrated minecraft server version 1.21.1
[22:21:27] [Server thread/INFO] (Minecraft) Generating keypair
[22:21:27] [Server thread/INFO] (Minecraft) Preparing start region for dimension minecraft:overworld
[22:21:28] [Render thread/INFO] (Minecraft) Preparing spawn area: 0%
[22:21:28] [Server thread/INFO] (Minecraft) [STDOUT]: Assigned 'default' name: Charles to variant: 0
[22:21:28] [Render thread/INFO] (Minecraft) Time elapsed: 373 ms
[22:21:28] [Server thread/INFO] (Minecraft) Changing view distance to 25, from 10
[22:21:28] [Server thread/INFO] (Minecraft) Changing simulation distance to 12, from 0
[22:21:28] [Server thread/INFO] (Minecraft) [STDOUT]: Assigned 'slim' name: Alexia to variant: 4
[22:21:29] [Server thread/INFO] (Minecraft) Player266[local:E:55078835] logged in with entity id 15 at (-15.805641715561798, -60.0, 74.69499842609204)
[22:21:29] [Server thread/INFO] (Minecraft) Player266 joined the game
[22:21:29] [Server thread/INFO] (Minecraft) Player266 has made the advancement [Suit Up]
[22:21:29] [Server thread/INFO] (Minecraft) [STDOUT]: Assigned 'default' name: Liam to variant: 0
[22:21:29] [Server thread/INFO] (Minecraft) [STDOUT]: Assigned 'slim' name: Sarah to variant: 3
[22:21:34] [Render thread/INFO] (Minecraft) [System] [CHAT] Player266 has made the advancement [Suit Up]
[22:21:34] [Render thread/INFO] (Minecraft) Loaded 23 advancements
[22:21:44] [Server thread/INFO] (Minecraft) [STDOUT]: Assigned 'slim' name: Emma to variant: 3
[22:21:54] [Server thread/INFO] (Minecraft) [STDOUT]: Assigned 'default' name: Charles to variant: 2
[22:23:14] [Render thread/INFO] (Minecraft) OpenGL debug message: id=1280, source=API, type=ERROR, severity=HIGH, message='GL_INVALID_ENUM error generated.'
[22:23:20] [Server thread/INFO] (Minecraft) [STDOUT]: Assigned 'slim' name: Evelyn to variant: 4
[22:23:24] [Server thread/INFO] (Minecraft) [STDOUT]: Assigned 'default' name: Henry to variant: 0
[22:23:27] [Server thread/INFO] (Minecraft) [STDOUT]: Assigned 'slim' name: Sarah to variant: 3
[22:23:30] [Server thread/INFO] (Minecraft) [STDOUT]: Assigned 'slim' name: Sarah to variant: 4
[22:23:34] [Server thread/INFO] (Minecraft) [STDOUT]: Assigned 'slim' name: Sarah to variant: 4
[22:23:36] [Server thread/INFO] (Minecraft) Saving and pausing game...
[22:23:36] [Server thread/INFO] (Minecraft) Saving chunks for level 'ServerLevel[Test World]'/minecraft:overworld
[22:23:36] [Server thread/INFO] (Minecraft) Saving chunks for level 'ServerLevel[Test World]'/minecraft:the_end
[22:23:36] [Server thread/INFO] (Minecraft) Saving chunks for level 'ServerLevel[Test World]'/minecraft:the_nether
[22:23:37] [Server thread/INFO] (Minecraft) Player266 lost connection: Disconnected
[22:23:37] [Server thread/INFO] (Minecraft) Player266 left the game
[22:23:37] [Server thread/INFO] (Minecraft) Stopping singleplayer server as player logged out
[22:23:37] [Server thread/INFO] (Minecraft) Stopping server
[22:23:37] [Server thread/INFO] (Minecraft) Saving players
[22:23:37] [Server thread/INFO] (Minecraft) Saving worlds
[22:23:37] [Server thread/INFO] (Minecraft) Saving chunks for level 'ServerLevel[Test World]'/minecraft:overworld
[22:23:37] [Server thread/INFO] (Minecraft) Saving chunks for level 'ServerLevel[Test World]'/minecraft:the_end
[22:23:37] [Server thread/INFO] (Minecraft) Saving chunks for level 'ServerLevel[Test World]'/minecraft:the_nether
[22:23:37] [Server thread/INFO] (Minecraft) ThreadedAnvilChunkStorage (Test World): All chunks are saved
[22:23:37] [Server thread/INFO] (Minecraft) ThreadedAnvilChunkStorage (DIM1): All chunks are saved
[22:23:37] [Server thread/INFO] (Minecraft) ThreadedAnvilChunkStorage (DIM-1): All chunks are saved
[22:23:37] [Server thread/INFO] (Minecraft) ThreadedAnvilChunkStorage: All dimensions are saved
[22:23:39] [Render thread/INFO] (Minecraft) Stopping!
